question2.obj : error LNK2019: unresolved external symbol _sumColumnOfArray@16 referenced in function _main@0
D:\wslDirectory\Assembly\COSC2406T20F\Debug\AssignmentTen.exe : fatal error LNK1120: 1 unresolved externals
